00:00:00.122553 VirtualBox GUI VM Selector Window 7.0.10 r158379 linux.amd64 (Aug 11 2023 12:19:51) release log
00:00:00.122557 Log opened 2023-08-29T06:07:57.438890000Z
00:00:00.122559 Build Type: release
00:00:00.122562 OS Product: Linux
00:00:00.122564 OS Release: 6.1.48-1-lts
00:00:00.122566 OS Version: #1 SMP PREEMPT_DYNAMIC Sat, 26 Aug 2023 18:20:27 +0000
00:00:00.122602 DMI Product Name: Zenbook UN5401QAB_UN5401QA
00:00:00.122610 DMI Product Version: 1.0       
00:00:00.122617 Firmware type: UEFI
00:00:00.122714 Secure Boot: Disabled
00:00:00.122744 Host RAM: 15394MB (15.0GB) total, 10283MB (10.0GB) available
00:00:00.122747 Executable: /usr/lib/virtualbox/VirtualBox
00:00:00.122749 Process ID: 47174
00:00:00.122750 Package type: LINUX_64BITS_GENERIC (OSE)
00:00:00.122784 Qt version: 5.15.10
00:00:00.123367 GUI: UIMediumEnumerator: Initial medium-enumeration finished!
00:00:00.135329 GUI: UIMediumEnumerator: Medium-enumeration started...
00:00:00.477290 GUI: UIMediumEnumerator: Medium-enumeration finished!
00:00:00.503381 GUI: UIDesktopWidgetWatchdog::sltHandleHostScreenAvailableGeometryCalculated: Screen 0 work area is actually resized to: 3280x1638 x 800x500
00:00:02.952807 GUI: UICommon: Handling aboutToQuit request..
00:00:04.049225 GUI: UICommon: aboutToQuit request handled!
