00:00:00.000828 main     VirtualBox XPCOM Server 7.0.10 r158379 linux.amd64 (Aug 11 2023 12:19:51) release log
00:00:00.000829 main     Log opened 2023-09-05T17:45:26.124184000Z
00:00:00.000829 main     Build Type: release
00:00:00.000830 main     OS Product: Linux
00:00:00.000831 main     OS Release: 6.1.51-1-lts
00:00:00.000831 main     OS Version: #1 SMP PREEMPT_DYNAMIC Sat, 02 Sep 2023 14:51:30 +0000
00:00:00.000849 main     DMI Product Name: Zenbook UN5401QAB_UN5401QA
00:00:00.000854 main     DMI Product Version: 1.0       
00:00:00.000857 main     Firmware type: UEFI
00:00:00.000956 main     Secure Boot: Disabled
00:00:00.000978 main     Host RAM: 15394MB (15.0GB) total, 11786MB (11.5GB) available
00:00:00.000980 main     Executable: /usr/lib/virtualbox/VBoxSVC
00:00:00.000980 main     Process ID: 10149
00:00:00.000980 main     Package type: LINUX_64BITS_GENERIC (OSE)
00:00:00.002381 main     IPC socket path: /tmp/.vbox-zach-ipc/ipcd
00:00:00.195198 nspr-2   VirtualBox: object creation starts
00:00:00.196352 nspr-2   Home directory: '/home/zach/.config/VirtualBox'
00:00:00.196810 nspr-2   Loading settings file "/home/zach/.config/VirtualBox/VirtualBox.xml" with version "1.12-linux"
00:00:00.207864 nspr-2   NetIfAdpCtlOut: VBoxNetAdpCtl: Error while retrieving link speed for wlan0: VBoxNetAdpCtl: ioctl failed: Operation not supported
00:00:00.209458 nspr-2   HostDnsMonitor: initializing
00:00:00.209636 nspr-2   NAT: resolv.conf: nameserver 131.91.129.32
00:00:00.209639 nspr-2   NAT: resolv.conf: nameserver 131.91.129.61
00:00:00.209643 nspr-2   HostDnsMonitor: updating information
00:00:00.209651 nspr-2   HostDnsMonitor: old information
00:00:00.209652 nspr-2     no server entries
00:00:00.209654 nspr-2     no domain set
00:00:00.209655 nspr-2     no search string entries
00:00:00.209656 nspr-2   HostDnsMonitor: new information
00:00:00.209657 nspr-2     server 1: 131.91.129.32
00:00:00.209658 nspr-2     server 2: 131.91.129.61
00:00:00.209660 nspr-2     domain: fau.edu
00:00:00.209661 nspr-2     search string 1: fau.edu
00:00:00.212919 nspr-2   VD: VDInit finished with VINF_SUCCESS
00:00:00.213531 nspr-2   ERROR [COM]: aRC=NS_ERROR_FAILURE (0x80004005) aIID={aac6c7cb-a371-4c58-ab51-0616896b2f2c} aComponent={SystemPropertiesWrap} aText={Cannot determine default Guest Additions ISO location. Most likely they are not available}, preserve=false aResultDetail=0
00:00:00.221004 nspr-2   Loading settings file "/home/zach/VM/VirtualBox VMs/exerunner/exerunner.vbox" with version "1.19-linux"
00:00:00.223858 nspr-2   OCI: Local config file '/home/zach/.config/VirtualBox/oci_config' does not exist
00:00:00.223868 nspr-2   OCI: Original config file '/home/zach/.oci/config' does not exist
00:00:00.223870 nspr-2   OCI: Reading profiles finished with status NS_OK
00:00:00.223873 nspr-2   ExtPack: Created cloud provider 'OCI' (hrc=NS_OK)
00:00:00.223897 nspr-2   VirtualBox: object created
00:00:00.228253 nspr-2   Launched VM: 3892318848 pid: 10169 (0x27b9) frontend: GUI/Qt name: exerunner
00:00:01.028537 nspr-3   WARNING [COM]: aRC=NS_ERROR_FAILURE (0x80004005) aIID={e54f6256-97a7-4947-8a78-10c013ddf4b8} aComponent={HostWrap} aText={VirtualBox is not currently allowed to access USB devices.  You can change this by adding your user to the 'vboxusers' group.  Please see the user manual for a more detailed explanation}, preserve=true aResultDetail=0
00:00:01.029073 nspr-4   WARNING [COM]: aRC=NS_ERROR_FAILURE (0x80004005) aIID={e54f6256-97a7-4947-8a78-10c013ddf4b8} aComponent={HostWrap} aText={VirtualBox is not currently allowed to access USB devices.  You can change this by adding your user to the 'vboxusers' group.  Please see the user manual for a more detailed explanation}, preserve=true aResultDetail=0
00:00:01.124642 nspr-4   Load [/usr/lib/virtualbox/ExtensionPacks/Oracle_VM_VirtualBox_Extension_Pack/linux.amd64/VBoxHostWebcam.so] vrc=VINF_SUCCESS
00:00:01.125940 nspr-4   WARNING [COM]: aRC=NS_ERROR_FAILURE (0x80004005) aIID={e54f6256-97a7-4947-8a78-10c013ddf4b8} aComponent={HostWrap} aText={VirtualBox is not currently allowed to access USB devices.  You can change this by adding your user to the 'vboxusers' group.  Please see the user manual for a more detailed explanation}, preserve=true aResultDetail=0
00:00:02.335317 MainPower Host suspending: Paused 0 VMs
00:00:02.563519 dns-monitor HostDnsMonitor: updating information
00:00:02.563560 dns-monitor HostDnsMonitor: old information
00:00:02.563570 dns-monitor   server 1: 131.91.129.32
00:00:02.563574 dns-monitor   server 2: 131.91.129.61
00:00:02.563576 dns-monitor   domain: fau.edu
00:00:02.563578 dns-monitor   search string 1: fau.edu
00:00:02.563580 dns-monitor HostDnsMonitor: new information
00:00:02.563581 dns-monitor   no server entries
00:00:02.563583 dns-monitor   no domain set
00:00:02.563584 dns-monitor   no search string entries
00:00:04.544248 MainPower Host resumed: Resumed 0 VMs
00:00:08.605704 nspr-4   WARNING [COM]: aRC=NS_ERROR_FAILURE (0x80004005) aIID={e54f6256-97a7-4947-8a78-10c013ddf4b8} aComponent={HostWrap} aText={VirtualBox is not currently allowed to access USB devices.  You can change this by adding your user to the 'vboxusers' group.  Please see the user manual for a more detailed explanation}, preserve=true aResultDetail=0
00:00:08.606223 nspr-3   WARNING [COM]: aRC=NS_ERROR_FAILURE (0x80004005) aIID={e54f6256-97a7-4947-8a78-10c013ddf4b8} aComponent={HostWrap} aText={VirtualBox is not currently allowed to access USB devices.  You can change this by adding your user to the 'vboxusers' group.  Please see the user manual for a more detailed explanation}, preserve=true aResultDetail=0
00:00:08.617361 nspr-3   ERROR [COM]: aRC=VBOX_E_IPRT_ERROR (0x80bb0005) aIID={300763af-5d6b-46e6-aa96-273eac15538a} aComponent={SessionMachine} aText={Saved screenshot data is not available (VERR_NOT_SUPPORTED)}, preserve=false aResultDetail=-37
00:00:08.628197 nspr-4   Saving settings file "/home/zach/VM/VirtualBox VMs/exerunner/exerunner.vbox" with version "1.19-linux"
00:00:08.637099 nspr-4   Finished saving settings file "/home/zach/VM/VirtualBox VMs/exerunner/exerunner.vbox"
00:00:08.650210 nspr-3   NetIfAdpCtlOut: VBoxNetAdpCtl: Error while retrieving link speed for wlan0: VBoxNetAdpCtl: ioctl failed: Operation not supported
00:00:08.653621 nspr-5   WARNING [COM]: aRC=NS_ERROR_FAILURE (0x80004005) aIID={e54f6256-97a7-4947-8a78-10c013ddf4b8} aComponent={HostWrap} aText={VirtualBox is not currently allowed to access USB devices.  You can change this by adding your user to the 'vboxusers' group.  Please see the user manual for a more detailed explanation}, preserve=false aResultDetail=0
00:00:08.654027 nspr-5   WARNING [COM]: aRC=NS_ERROR_FAILURE (0x80004005) aIID={e54f6256-97a7-4947-8a78-10c013ddf4b8} aComponent={HostWrap} aText={VirtualBox is not currently allowed to access USB devices.  You can change this by adding your user to the 'vboxusers' group.  Please see the user manual for a more detailed explanation}, preserve=true aResultDetail=0
00:00:08.654100 nspr-3   WARNING [COM]: aRC=NS_ERROR_FAILURE (0x80004005) aIID={e54f6256-97a7-4947-8a78-10c013ddf4b8} aComponent={HostWrap} aText={VirtualBox is not currently allowed to access USB devices.  You can change this by adding your user to the 'vboxusers' group.  Please see the user manual for a more detailed explanation}, preserve=true aResultDetail=0
00:00:08.687622 nspr-3   WARNING [COM]: aRC=NS_ERROR_FAILURE (0x80004005) aIID={e54f6256-97a7-4947-8a78-10c013ddf4b8} aComponent={HostWrap} aText={VirtualBox is not currently allowed to access USB devices.  You can change this by adding your user to the 'vboxusers' group.  Please see the user manual for a more detailed explanation}, preserve=true aResultDetail=0
00:00:08.899394 nspr-3   ERROR [COM]: aRC=VBOX_E_OBJECT_NOT_FOUND (0x80bb0001) aIID={ad47ad09-787b-44ab-b343-a082a3f2dfb1} aComponent={MediumWrap} aText={Property 'CRYPT/KeyId' does not exist}, preserve=false aResultDetail=0
00:00:08.900058 nspr-3   ERROR [COM]: aRC=VBOX_E_OBJECT_NOT_FOUND (0x80bb0001) aIID={ad47ad09-787b-44ab-b343-a082a3f2dfb1} aComponent={MediumWrap} aText={Property 'CRYPT/KeyId' does not exist}, preserve=false aResultDetail=0
00:00:09.046625 dns-monitor NAT: resolv.conf: nameserver 131.91.129.32
00:00:09.046660 dns-monitor NAT: resolv.conf: nameserver 131.91.129.61
00:00:09.046668 dns-monitor HostDnsMonitor: updating information
00:00:09.046669 dns-monitor HostDnsMonitor: old information
00:00:09.046671 dns-monitor   no server entries
00:00:09.046673 dns-monitor   no domain set
00:00:09.046674 dns-monitor   no search string entries
00:00:09.046675 dns-monitor HostDnsMonitor: new information
00:00:09.046677 dns-monitor   server 1: 131.91.129.32
00:00:09.046680 dns-monitor   server 2: 131.91.129.61
00:00:09.046682 dns-monitor   domain: fau.edu
00:00:09.046684 dns-monitor   search string 1: fau.edu
00:00:09.692315 nspr-3   Saving settings file "/home/zach/VM/VirtualBox VMs/exerunner/exerunner.vbox" with version "1.19-linux"
00:00:09.699310 nspr-3   Finished saving settings file "/home/zach/VM/VirtualBox VMs/exerunner/exerunner.vbox"
00:00:12.048904 nspr-2   Saving settings file "/home/zach/VM/VirtualBox VMs/exerunner/exerunner.vbox" with version "1.19-linux"
00:00:12.051004 nspr-2   Finished saving settings file "/home/zach/VM/VirtualBox VMs/exerunner/exerunner.vbox"
00:00:18.556513 main     VirtualBox: object deletion starts
00:00:18.556559 main     ERROR [COM]: aRC=VBOX_E_OBJECT_IN_USE (0x80bb000c) aIID={ad47ad09-787b-44ab-b343-a082a3f2dfb1} aComponent={MediumWrap} aText={Medium '/home/zach/VM/VirtualBox VMs/exerunner/exerunner.vdi' cannot be closed because it is still attached to 1 virtual machines}, preserve=false aResultDetail=0
00:00:18.557313 main     HostDnsMonitor: shutting down ...
00:00:18.557393 Watcher  ERROR [COM]: aRC=E_ACCESSDENIED (0x80070005) aIID={7682d5eb-f00e-44f1-8ca2-99d08b1cd607} aComponent={VirtualBoxWrap} aText={The object is not ready}, preserve=false aResultDetail=0
00:00:18.570391 main     HostDnsMonitor: shut down
00:00:18.582207 main     VirtualBox: object deleted
